<?xml version="1.0" encoding="UTF-8"?>
<testng-results ignored="0" total="1" passed="1" failed="0" skipped="0">
  <reporter-output>
  </reporter-output>
  <suite started-at="2022-06-05T06:28:31Z" name="Default suite" finished-at="2022-06-05T06:28:35Z" duration-ms="3468">
    <groups>
    </groups>
    <test started-at="2022-06-05T06:28:31Z" name="Default test" finished-at="2022-06-05T06:28:35Z" duration-ms="3468">
      <class name="APIChaining.EndToEndProject">
        <test-method signature="test1()[pri:0, instance:APIChaining.EndToEndProject@571c5681]" started-at="2022-06-05T06:28:31Z" name="test1" finished-at="2022-06-05T06:28:35Z" duration-ms="3441" status="PASS">
          <reporter-output>
          </reporter-output>
        </test-method> <!-- test1 -->
      </class> <!-- APIChaining.EndToEndProject -->
    </test> <!-- Default test -->
  </suite> <!-- Default suite -->
</testng-results>
